<?xml version="1.0" encoding="UTF-8"?>
<testsuite xmlns:xsi="http://www.w3.org/2001/XMLSchema-instance" xsi:noNamespaceSchemaLocation="https://maven.apache.org/surefire/maven-surefire-plugin/xsd/surefire-test-report.xsd" name="com.ruoyi.AppTest" time="0.13" tests="1" errors="0" skipped="0" failures="0">
  <properties>
    <property name="sun.desktop" value="windows"/>
    <property name="awt.toolkit" value="sun.awt.windows.WToolkit"/>
    <property name="file.encoding.pkg" value="sun.io"/>
    <property name="java.specification.version" value="1.8"/>
    <property name="sun.cpu.isalist" value="amd64"/>
    <property name="sun.jnu.encoding" value="GBK"/>
    <property name="java.class.path" value="D:\workspace\idea\git\springboot-sxgdhz\sxgdhz\sxgdhz-common\target\test-classes;D:\workspace\idea\git\springboot-sxgdhz\sxgdhz\sxgdhz-common\target\classes;D:\Program Files (x86)\maven\mavenRespository\org\projectlombok\lombok\1.16.10\lombok-1.16.10.jar;D:\Program Files (x86)\maven\mavenRespository\org\springframework\boot\spring-boot-starter-data-jpa\2.0.4.RELEASE\spring-boot-starter-data-jpa-2.0.4.RELEASE.jar;D:\Program Files (x86)\maven\mavenRespository\org\springframework\boot\spring-boot-starter\2.0.4.RELEASE\spring-boot-starter-2.0.4.RELEASE.jar;D:\Program Files (x86)\maven\mavenRespository\org\springframework\boot\spring-boot\2.0.4.RELEASE\spring-boot-2.0.4.RELEASE.jar;D:\Program Files (x86)\maven\mavenRespository\org\springframework\boot\spring-boot-autoconfigure\2.0.4.RELEASE\spring-boot-autoconfigure-2.0.4.RELEASE.jar;D:\Program Files (x86)\maven\mavenRespository\org\springframework\boot\spring-boot-starter-logging\2.0.4.RELEASE\spring-boot-starter-logging-2.0.4.RELEASE.jar;D:\Program Files (x86)\maven\mavenRespository\ch\qos\logback\logback-classic\1.2.3\logback-classic-1.2.3.jar;D:\Program Files (x86)\maven\mavenRespository\ch\qos\logback\logback-core\1.2.3\logback-core-1.2.3.jar;D:\Program Files (x86)\maven\mavenRespository\org\apache\logging\log4j\log4j-to-slf4j\2.10.0\log4j-to-slf4j-2.10.0.jar;D:\Program Files (x86)\maven\mavenRespository\org\apache\logging\log4j\log4j-api\2.10.0\log4j-api-2.10.0.jar;D:\Program Files (x86)\maven\mavenRespository\org\slf4j\jul-to-slf4j\1.7.25\jul-to-slf4j-1.7.25.jar;D:\Program Files (x86)\maven\mavenRespository\javax\annotation\javax.annotation-api\1.3.2\javax.annotation-api-1.3.2.jar;D:\Program Files (x86)\maven\mavenRespository\org\springframework\spring-core\5.0.8.RELEASE\spring-core-5.0.8.RELEASE.jar;D:\Program Files (x86)\maven\mavenRespository\org\springframework\spring-jcl\5.0.8.RELEASE\spring-jcl-5.0.8.RELEASE.jar;D:\Program Files (x86)\maven\mavenRespository\org\yaml\snakeyaml\1.19\snakeyaml-1.19.jar;D:\Program Files (x86)\maven\mavenRespository\org\springframework\boot\spring-boot-starter-aop\2.0.4.RELEASE\spring-boot-starter-aop-2.0.4.RELEASE.jar;D:\Program Files (x86)\maven\mavenRespository\org\springframework\spring-aop\5.0.8.RELEASE\spring-aop-5.0.8.RELEASE.jar;D:\Program Files (x86)\maven\mavenRespository\org\aspectj\aspectjweaver\1.8.13\aspectjweaver-1.8.13.jar;D:\Program Files (x86)\maven\mavenRespository\org\springframework\boot\spring-boot-starter-jdbc\2.0.4.RELEASE\spring-boot-starter-jdbc-2.0.4.RELEASE.jar;D:\Program Files (x86)\maven\mavenRespository\com\zaxxer\HikariCP\2.7.9\HikariCP-2.7.9.jar;D:\Program Files (x86)\maven\mavenRespository\org\springframework\spring-jdbc\5.0.8.RELEASE\spring-jdbc-5.0.8.RELEASE.jar;D:\Program Files (x86)\maven\mavenRespository\org\hibernate\hibernate-core\5.2.17.Final\hibernate-core-5.2.17.Final.jar;D:\Program Files (x86)\maven\mavenRespository\org\jboss\logging\jboss-logging\3.3.2.Final\jboss-logging-3.3.2.Final.jar;D:\Program Files (x86)\maven\mavenRespository\org\hibernate\javax\persistence\hibernate-jpa-2.1-api\1.0.2.Final\hibernate-jpa-2.1-api-1.0.2.Final.jar;D:\Program Files (x86)\maven\mavenRespository\org\javassist\javassist\3.22.0-GA\javassist-3.22.0-GA.jar;D:\Program Files (x86)\maven\mavenRespository\antlr\antlr\2.7.7\antlr-2.7.7.jar;D:\Program Files (x86)\maven\mavenRespository\org\jboss\jandex\2.0.3.Final\jandex-2.0.3.Final.jar;D:\Program Files (x86)\maven\mavenRespository\com\fasterxml\classmate\1.3.4\classmate-1.3.4.jar;D:\Program Files (x86)\maven\mavenRespository\dom4j\dom4j\1.6.1\dom4j-1.6.1.jar;D:\Program Files (x86)\maven\mavenRespository\org\hibernate\common\hibernate-commons-annotations\5.0.1.Final\hibernate-commons-annotations-5.0.1.Final.jar;D:\Program Files (x86)\maven\mavenRespository\javax\transaction\javax.transaction-api\1.2\javax.transaction-api-1.2.jar;D:\Program Files (x86)\maven\mavenRespository\org\springframework\data\spring-data-jpa\2.0.9.RELEASE\spring-data-jpa-2.0.9.RELEASE.jar;D:\Program Files (x86)\maven\mavenRespository\org\springframework\data\spring-data-commons\2.0.9.RELEASE\spring-data-commons-2.0.9.RELEASE.jar;D:\Program Files (x86)\maven\mavenRespository\org\springframework\spring-orm\5.0.8.RELEASE\spring-orm-5.0.8.RELEASE.jar;D:\Program Files (x86)\maven\mavenRespository\org\springframework\spring-context\5.0.8.RELEASE\spring-context-5.0.8.RELEASE.jar;D:\Program Files (x86)\maven\mavenRespository\org\springframework\spring-expression\5.0.8.RELEASE\spring-expression-5.0.8.RELEASE.jar;D:\Program Files (x86)\maven\mavenRespository\org\springframework\spring-tx\5.0.8.RELEASE\spring-tx-5.0.8.RELEASE.jar;D:\Program Files (x86)\maven\mavenRespository\org\springframework\spring-beans\5.0.8.RELEASE\spring-beans-5.0.8.RELEASE.jar;D:\Program Files (x86)\maven\mavenRespository\org\slf4j\slf4j-api\1.7.25\slf4j-api-1.7.25.jar;D:\Program Files (x86)\maven\mavenRespository\org\springframework\spring-aspects\5.0.8.RELEASE\spring-aspects-5.0.8.RELEASE.jar;D:\Program Files (x86)\maven\mavenRespository\junit\junit\4.11\junit-4.11.jar;D:\Program Files (x86)\maven\mavenRespository\org\hamcrest\hamcrest-core\1.3\hamcrest-core-1.3.jar;D:\Program Files (x86)\maven\mavenRespository\org\springframework\cloud\spring-cloud-starter-feign\1.4.0.RELEASE\spring-cloud-starter-feign-1.4.0.RELEASE.jar;D:\Program Files (x86)\maven\mavenRespository\org\springframework\cloud\spring-cloud-starter-openfeign\1.4.0.RELEASE\spring-cloud-starter-openfeign-1.4.0.RELEASE.jar;D:\Program Files (x86)\maven\mavenRespository\org\springframework\cloud\spring-cloud-starter\1.3.0.RELEASE\spring-cloud-starter-1.3.0.RELEASE.jar;D:\Program Files (x86)\maven\mavenRespository\org\springframework\cloud\spring-cloud-context\1.3.0.RELEASE\spring-cloud-context-1.3.0.RELEASE.jar;D:\Program Files (x86)\maven\mavenRespository\org\springframework\security\spring-security-rsa\1.0.3.RELEASE\spring-security-rsa-1.0.3.RELEASE.jar;D:\Program Files (x86)\maven\mavenRespository\org\bouncycastle\bcpkix-jdk15on\1.55\bcpkix-jdk15on-1.55.jar;D:\Program Files (x86)\maven\mavenRespository\org\bouncycastle\bcprov-jdk15on\1.55\bcprov-jdk15on-1.55.jar;D:\Program Files (x86)\maven\mavenRespository\org\springframework\cloud\spring-cloud-netflix-core\1.4.0.RELEASE\spring-cloud-netflix-core-1.4.0.RELEASE.jar;D:\Program Files (x86)\maven\mavenRespository\org\springframework\spring-web\5.0.8.RELEASE\spring-web-5.0.8.RELEASE.jar;D:\Program Files (x86)\maven\mavenRespository\org\springframework\cloud\spring-cloud-commons\1.3.0.RELEASE\spring-cloud-commons-1.3.0.RELEASE.jar;D:\Program Files (x86)\maven\mavenRespository\org\springframework\security\spring-security-crypto\5.0.7.RELEASE\spring-security-crypto-5.0.7.RELEASE.jar;D:\Program Files (x86)\maven\mavenRespository\org\apache\httpcomponents\httpclient\4.5.6\httpclient-4.5.6.jar;D:\Program Files (x86)\maven\mavenRespository\org\apache\httpcomponents\httpcore\4.4.10\httpcore-4.4.10.jar;D:\Program Files (x86)\maven\mavenRespository\commons-codec\commons-codec\1.11\commons-codec-1.11.jar;D:\Program Files (x86)\maven\mavenRespository\io\github\openfeign\feign-core\9.5.0\feign-core-9.5.0.jar;D:\Program Files (x86)\maven\mavenRespository\org\jvnet\animal-sniffer-annotation\1.0\animal-sniffer-annotation-1.0.jar;D:\Program Files (x86)\maven\mavenRespository\io\github\openfeign\feign-slf4j\9.5.0\feign-slf4j-9.5.0.jar;D:\Program Files (x86)\maven\mavenRespository\io\github\openfeign\feign-hystrix\9.5.0\feign-hystrix-9.5.0.jar;D:\Program Files (x86)\maven\mavenRespository\com\netflix\archaius\archaius-core\0.7.4\archaius-core-0.7.4.jar;D:\Program Files (x86)\maven\mavenRespository\com\google\code\findbugs\jsr305\3.0.1\jsr305-3.0.1.jar;D:\Program Files (x86)\maven\mavenRespository\com\netflix\hystrix\hystrix-core\1.5.12\hystrix-core-1.5.12.jar;D:\Program Files (x86)\maven\mavenRespository\org\hdrhistogram\HdrHistogram\2.1.9\HdrHistogram-2.1.9.jar;D:\Program Files (x86)\maven\mavenRespository\org\springframework\cloud\spring-cloud-starter-netflix-ribbon\1.4.0.RELEASE\spring-cloud-starter-netflix-ribbon-1.4.0.RELEASE.jar;D:\Program Files (x86)\maven\mavenRespository\com\netflix\ribbon\ribbon\2.2.4\ribbon-2.2.4.jar;D:\Program Files (x86)\maven\mavenRespository\com\netflix\ribbon\ribbon-transport\2.2.4\ribbon-transport-2.2.4.jar;D:\Program Files (x86)\maven\mavenRespository\io\reactivex\rxnetty-contexts\0.4.9\rxnetty-contexts-0.4.9.jar;D:\Program Files (x86)\maven\mavenRespository\io\reactivex\rxnetty-servo\0.4.9\rxnetty-servo-0.4.9.jar;D:\Program Files (x86)\maven\mavenRespository\javax\inject\javax.inject\1\javax.inject-1.jar;D:\Program Files (x86)\maven\mavenRespository\io\reactivex\rxnetty\0.4.9\rxnetty-0.4.9.jar;D:\Program Files (x86)\maven\mavenRespository\io\netty\netty-codec-http\4.1.27.Final\netty-codec-http-4.1.27.Final.jar;D:\Program Files (x86)\maven\mavenRespository\io\netty\netty-codec\4.1.27.Final\netty-codec-4.1.27.Final.jar;D:\Program Files (x86)\maven\mavenRespository\io\netty\netty-transport-native-epoll\4.1.27.Final\netty-transport-native-epoll-4.1.27.Final.jar;D:\Program Files (x86)\maven\mavenRespository\io\netty\netty-common\4.1.27.Final\netty-common-4.1.27.Final.jar;D:\Program Files (x86)\maven\mavenRespository\io\netty\netty-buffer\4.1.27.Final\netty-buffer-4.1.27.Final.jar;D:\Program Files (x86)\maven\mavenRespository\io\netty\netty-transport-native-unix-common\4.1.27.Final\netty-transport-native-unix-common-4.1.27.Final.jar;D:\Program Files (x86)\maven\mavenRespository\io\netty\netty-transport\4.1.27.Final\netty-transport-4.1.27.Final.jar;D:\Program Files (x86)\maven\mavenRespository\io\netty\netty-resolver\4.1.27.Final\netty-resolver-4.1.27.Final.jar;D:\Program Files (x86)\maven\mavenRespository\com\netflix\ribbon\ribbon-core\2.2.4\ribbon-core-2.2.4.jar;D:\Program Files (x86)\maven\mavenRespository\commons-lang\commons-lang\2.6\commons-lang-2.6.jar;D:\Program Files (x86)\maven\mavenRespository\com\netflix\ribbon\ribbon-httpclient\2.2.4\ribbon-httpclient-2.2.4.jar;D:\Program Files (x86)\maven\mavenRespository\commons-collections\commons-collections\3.2.2\commons-collections-3.2.2.jar;D:\Program Files (x86)\maven\mavenRespository\com\sun\jersey\jersey-client\1.19.1\jersey-client-1.19.1.jar;D:\Program Files (x86)\maven\mavenRespository\com\sun\jersey\jersey-core\1.19.1\jersey-core-1.19.1.jar;D:\Program Files (x86)\maven\mavenRespository\javax\ws\rs\jsr311-api\1.1.1\jsr311-api-1.1.1.jar;D:\Program Files (x86)\maven\mavenRespository\com\sun\jersey\contribs\jersey-apache-client4\1.19.1\jersey-apache-client4-1.19.1.jar;D:\Program Files (x86)\maven\mavenRespository\com\netflix\servo\servo-core\0.10.1\servo-core-0.10.1.jar;D:\Program Files (x86)\maven\mavenRespository\com\netflix\servo\servo-internal\0.10.1\servo-internal-0.10.1.jar;D:\Program Files (x86)\maven\mavenRespository\com\netflix\netflix-commons\netflix-commons-util\0.1.1\netflix-commons-util-0.1.1.jar;D:\Program Files (x86)\maven\mavenRespository\com\netflix\ribbon\ribbon-loadbalancer\2.2.4\ribbon-loadbalancer-2.2.4.jar;D:\Program Files (x86)\maven\mavenRespository\com\netflix\netflix-commons\netflix-statistics\0.1.1\netflix-statistics-0.1.1.jar;D:\Program Files (x86)\maven\mavenRespository\io\reactivex\rxjava\1.3.8\rxjava-1.3.8.jar;D:\Program Files (x86)\maven\mavenRespository\org\springframework\cloud\spring-cloud-starter-netflix-archaius\1.4.0.RELEASE\spring-cloud-starter-netflix-archaius-1.4.0.RELEASE.jar;D:\Program Files (x86)\maven\mavenRespository\commons-configuration\commons-configuration\1.8\commons-configuration-1.8.jar;D:\Program Files (x86)\maven\mavenRespository\com\fasterxml\jackson\core\jackson-annotations\2.9.0\jackson-annotations-2.9.0.jar;D:\Program Files (x86)\maven\mavenRespository\com\fasterxml\jackson\core\jackson-core\2.9.6\jackson-core-2.9.6.jar;D:\Program Files (x86)\maven\mavenRespository\com\fasterxml\jackson\core\jackson-databind\2.9.6\jackson-databind-2.9.6.jar;D:\Program Files (x86)\maven\mavenRespository\com\google\guava\guava\18.0\guava-18.0.jar;"/>
    <property name="java.vm.vendor" value="Oracle Corporation"/>
    <property name="sun.arch.data.model" value="64"/>
    <property name="user.variant" value=""/>
    <property name="java.vendor.url" value="http://java.oracle.com/"/>
    <property name="user.timezone" value=""/>
    <property name="java.vm.specification.version" value="1.8"/>
    <property name="os.name" value="Windows 10"/>
    <property name="user.country" value="CN"/>
    <property name="sun.java.launcher" value="SUN_STANDARD"/>
    <property name="sun.boot.library.path" value="C:\Program Files\Java\jdk1.8.0_152\jre\bin"/>
    <property name="sun.java.command" value="C:\Users\ADMINI~1\AppData\Local\Temp\surefire4650853802899872951\surefirebooter6554406552018196259.jar C:\Users\Administrator\AppData\Local\Temp\surefire4650853802899872951 2018-10-26T15-56-31_940-jvmRun1 surefire5196023765268205469tmp surefire_03266759643427039481tmp"/>
    <property name="surefire.test.class.path" value="D:\workspace\idea\git\springboot-sxgdhz\sxgdhz\sxgdhz-common\target\test-classes;D:\workspace\idea\git\springboot-sxgdhz\sxgdhz\sxgdhz-common\target\classes;D:\Program Files (x86)\maven\mavenRespository\org\projectlombok\lombok\1.16.10\lombok-1.16.10.jar;D:\Program Files (x86)\maven\mavenRespository\org\springframework\boot\spring-boot-starter-data-jpa\2.0.4.RELEASE\spring-boot-starter-data-jpa-2.0.4.RELEASE.jar;D:\Program Files (x86)\maven\mavenRespository\org\springframework\boot\spring-boot-starter\2.0.4.RELEASE\spring-boot-starter-2.0.4.RELEASE.jar;D:\Program Files (x86)\maven\mavenRespository\org\springframework\boot\spring-boot\2.0.4.RELEASE\spring-boot-2.0.4.RELEASE.jar;D:\Program Files (x86)\maven\mavenRespository\org\springframework\boot\spring-boot-autoconfigure\2.0.4.RELEASE\spring-boot-autoconfigure-2.0.4.RELEASE.jar;D:\Program Files (x86)\maven\mavenRespository\org\springframework\boot\spring-boot-starter-logging\2.0.4.RELEASE\spring-boot-starter-logging-2.0.4.RELEASE.jar;D:\Program Files (x86)\maven\mavenRespository\ch\qos\logback\logback-classic\1.2.3\logback-classic-1.2.3.jar;D:\Program Files (x86)\maven\mavenRespository\ch\qos\logback\logback-core\1.2.3\logback-core-1.2.3.jar;D:\Program Files (x86)\maven\mavenRespository\org\apache\logging\log4j\log4j-to-slf4j\2.10.0\log4j-to-slf4j-2.10.0.jar;D:\Program Files (x86)\maven\mavenRespository\org\apache\logging\log4j\log4j-api\2.10.0\log4j-api-2.10.0.jar;D:\Program Files (x86)\maven\mavenRespository\org\slf4j\jul-to-slf4j\1.7.25\jul-to-slf4j-1.7.25.jar;D:\Program Files (x86)\maven\mavenRespository\javax\annotation\javax.annotation-api\1.3.2\javax.annotation-api-1.3.2.jar;D:\Program Files (x86)\maven\mavenRespository\org\springframework\spring-core\5.0.8.RELEASE\spring-core-5.0.8.RELEASE.jar;D:\Program Files (x86)\maven\mavenRespository\org\springframework\spring-jcl\5.0.8.RELEASE\spring-jcl-5.0.8.RELEASE.jar;D:\Program Files (x86)\maven\mavenRespository\org\yaml\snakeyaml\1.19\snakeyaml-1.19.jar;D:\Program Files (x86)\maven\mavenRespository\org\springframework\boot\spring-boot-starter-aop\2.0.4.RELEASE\spring-boot-starter-aop-2.0.4.RELEASE.jar;D:\Program Files (x86)\maven\mavenRespository\org\springframework\spring-aop\5.0.8.RELEASE\spring-aop-5.0.8.RELEASE.jar;D:\Program Files (x86)\maven\mavenRespository\org\aspectj\aspectjweaver\1.8.13\aspectjweaver-1.8.13.jar;D:\Program Files (x86)\maven\mavenRespository\org\springframework\boot\spring-boot-starter-jdbc\2.0.4.RELEASE\spring-boot-starter-jdbc-2.0.4.RELEASE.jar;D:\Program Files (x86)\maven\mavenRespository\com\zaxxer\HikariCP\2.7.9\HikariCP-2.7.9.jar;D:\Program Files (x86)\maven\mavenRespository\org\springframework\spring-jdbc\5.0.8.RELEASE\spring-jdbc-5.0.8.RELEASE.jar;D:\Program Files (x86)\maven\mavenRespository\org\hibernate\hibernate-core\5.2.17.Final\hibernate-core-5.2.17.Final.jar;D:\Program Files (x86)\maven\mavenRespository\org\jboss\logging\jboss-logging\3.3.2.Final\jboss-logging-3.3.2.Final.jar;D:\Program Files (x86)\maven\mavenRespository\org\hibernate\javax\persistence\hibernate-jpa-2.1-api\1.0.2.Final\hibernate-jpa-2.1-api-1.0.2.Final.jar;D:\Program Files (x86)\maven\mavenRespository\org\javassist\javassist\3.22.0-GA\javassist-3.22.0-GA.jar;D:\Program Files (x86)\maven\mavenRespository\antlr\antlr\2.7.7\antlr-2.7.7.jar;D:\Program Files (x86)\maven\mavenRespository\org\jboss\jandex\2.0.3.Final\jandex-2.0.3.Final.jar;D:\Program Files (x86)\maven\mavenRespository\com\fasterxml\classmate\1.3.4\classmate-1.3.4.jar;D:\Program Files (x86)\maven\mavenRespository\dom4j\dom4j\1.6.1\dom4j-1.6.1.jar;D:\Program Files (x86)\maven\mavenRespository\org\hibernate\common\hibernate-commons-annotations\5.0.1.Final\hibernate-commons-annotations-5.0.1.Final.jar;D:\Program Files (x86)\maven\mavenRespository\javax\transaction\javax.transaction-api\1.2\javax.transaction-api-1.2.jar;D:\Program Files (x86)\maven\mavenRespository\org\springframework\data\spring-data-jpa\2.0.9.RELEASE\spring-data-jpa-2.0.9.RELEASE.jar;D:\Program Files (x86)\maven\mavenRespository\org\springframework\data\spring-data-commons\2.0.9.RELEASE\spring-data-commons-2.0.9.RELEASE.jar;D:\Program Files (x86)\maven\mavenRespository\org\springframework\spring-orm\5.0.8.RELEASE\spring-orm-5.0.8.RELEASE.jar;D:\Program Files (x86)\maven\mavenRespository\org\springframework\spring-context\5.0.8.RELEASE\spring-context-5.0.8.RELEASE.jar;D:\Program Files (x86)\maven\mavenRespository\org\springframework\spring-expression\5.0.8.RELEASE\spring-expression-5.0.8.RELEASE.jar;D:\Program Files (x86)\maven\mavenRespository\org\springframework\spring-tx\5.0.8.RELEASE\spring-tx-5.0.8.RELEASE.jar;D:\Program Files (x86)\maven\mavenRespository\org\springframework\spring-beans\5.0.8.RELEASE\spring-beans-5.0.8.RELEASE.jar;D:\Program Files (x86)\maven\mavenRespository\org\slf4j\slf4j-api\1.7.25\slf4j-api-1.7.25.jar;D:\Program Files (x86)\maven\mavenRespository\org\springframework\spring-aspects\5.0.8.RELEASE\spring-aspects-5.0.8.RELEASE.jar;D:\Program Files (x86)\maven\mavenRespository\junit\junit\4.11\junit-4.11.jar;D:\Program Files (x86)\maven\mavenRespository\org\hamcrest\hamcrest-core\1.3\hamcrest-core-1.3.jar;D:\Program Files (x86)\maven\mavenRespository\org\springframework\cloud\spring-cloud-starter-feign\1.4.0.RELEASE\spring-cloud-starter-feign-1.4.0.RELEASE.jar;D:\Program Files (x86)\maven\mavenRespository\org\springframework\cloud\spring-cloud-starter-openfeign\1.4.0.RELEASE\spring-cloud-starter-openfeign-1.4.0.RELEASE.jar;D:\Program Files (x86)\maven\mavenRespository\org\springframework\cloud\spring-cloud-starter\1.3.0.RELEASE\spring-cloud-starter-1.3.0.RELEASE.jar;D:\Program Files (x86)\maven\mavenRespository\org\springframework\cloud\spring-cloud-context\1.3.0.RELEASE\spring-cloud-context-1.3.0.RELEASE.jar;D:\Program Files (x86)\maven\mavenRespository\org\springframework\security\spring-security-rsa\1.0.3.RELEASE\spring-security-rsa-1.0.3.RELEASE.jar;D:\Program Files (x86)\maven\mavenRespository\org\bouncycastle\bcpkix-jdk15on\1.55\bcpkix-jdk15on-1.55.jar;D:\Program Files (x86)\maven\mavenRespository\org\bouncycastle\bcprov-jdk15on\1.55\bcprov-jdk15on-1.55.jar;D:\Program Files (x86)\maven\mavenRespository\org\springframework\cloud\spring-cloud-netflix-core\1.4.0.RELEASE\spring-cloud-netflix-core-1.4.0.RELEASE.jar;D:\Program Files (x86)\maven\mavenRespository\org\springframework\spring-web\5.0.8.RELEASE\spring-web-5.0.8.RELEASE.jar;D:\Program Files (x86)\maven\mavenRespository\org\springframework\cloud\spring-cloud-commons\1.3.0.RELEASE\spring-cloud-commons-1.3.0.RELEASE.jar;D:\Program Files (x86)\maven\mavenRespository\org\springframework\security\spring-security-crypto\5.0.7.RELEASE\spring-security-crypto-5.0.7.RELEASE.jar;D:\Program Files (x86)\maven\mavenRespository\org\apache\httpcomponents\httpclient\4.5.6\httpclient-4.5.6.jar;D:\Program Files (x86)\maven\mavenRespository\org\apache\httpcomponents\httpcore\4.4.10\httpcore-4.4.10.jar;D:\Program Files (x86)\maven\mavenRespository\commons-codec\commons-codec\1.11\commons-codec-1.11.jar;D:\Program Files (x86)\maven\mavenRespository\io\github\openfeign\feign-core\9.5.0\feign-core-9.5.0.jar;D:\Program Files (x86)\maven\mavenRespository\org\jvnet\animal-sniffer-annotation\1.0\animal-sniffer-annotation-1.0.jar;D:\Program Files (x86)\maven\mavenRespository\io\github\openfeign\feign-slf4j\9.5.0\feign-slf4j-9.5.0.jar;D:\Program Files (x86)\maven\mavenRespository\io\github\openfeign\feign-hystrix\9.5.0\feign-hystrix-9.5.0.jar;D:\Program Files (x86)\maven\mavenRespository\com\netflix\archaius\archaius-core\0.7.4\archaius-core-0.7.4.jar;D:\Program Files (x86)\maven\mavenRespository\com\google\code\findbugs\jsr305\3.0.1\jsr305-3.0.1.jar;D:\Program Files (x86)\maven\mavenRespository\com\netflix\hystrix\hystrix-core\1.5.12\hystrix-core-1.5.12.jar;D:\Program Files (x86)\maven\mavenRespository\org\hdrhistogram\HdrHistogram\2.1.9\HdrHistogram-2.1.9.jar;D:\Program Files (x86)\maven\mavenRespository\org\springframework\cloud\spring-cloud-starter-netflix-ribbon\1.4.0.RELEASE\spring-cloud-starter-netflix-ribbon-1.4.0.RELEASE.jar;D:\Program Files (x86)\maven\mavenRespository\com\netflix\ribbon\ribbon\2.2.4\ribbon-2.2.4.jar;D:\Program Files (x86)\maven\mavenRespository\com\netflix\ribbon\ribbon-transport\2.2.4\ribbon-transport-2.2.4.jar;D:\Program Files (x86)\maven\mavenRespository\io\reactivex\rxnetty-contexts\0.4.9\rxnetty-contexts-0.4.9.jar;D:\Program Files (x86)\maven\mavenRespository\io\reactivex\rxnetty-servo\0.4.9\rxnetty-servo-0.4.9.jar;D:\Program Files (x86)\maven\mavenRespository\javax\inject\javax.inject\1\javax.inject-1.jar;D:\Program Files (x86)\maven\mavenRespository\io\reactivex\rxnetty\0.4.9\rxnetty-0.4.9.jar;D:\Program Files (x86)\maven\mavenRespository\io\netty\netty-codec-http\4.1.27.Final\netty-codec-http-4.1.27.Final.jar;D:\Program Files (x86)\maven\mavenRespository\io\netty\netty-codec\4.1.27.Final\netty-codec-4.1.27.Final.jar;D:\Program Files (x86)\maven\mavenRespository\io\netty\netty-transport-native-epoll\4.1.27.Final\netty-transport-native-epoll-4.1.27.Final.jar;D:\Program Files (x86)\maven\mavenRespository\io\netty\netty-common\4.1.27.Final\netty-common-4.1.27.Final.jar;D:\Program Files (x86)\maven\mavenRespository\io\netty\netty-buffer\4.1.27.Final\netty-buffer-4.1.27.Final.jar;D:\Program Files (x86)\maven\mavenRespository\io\netty\netty-transport-native-unix-common\4.1.27.Final\netty-transport-native-unix-common-4.1.27.Final.jar;D:\Program Files (x86)\maven\mavenRespository\io\netty\netty-transport\4.1.27.Final\netty-transport-4.1.27.Final.jar;D:\Program Files (x86)\maven\mavenRespository\io\netty\netty-resolver\4.1.27.Final\netty-resolver-4.1.27.Final.jar;D:\Program Files (x86)\maven\mavenRespository\com\netflix\ribbon\ribbon-core\2.2.4\ribbon-core-2.2.4.jar;D:\Program Files (x86)\maven\mavenRespository\commons-lang\commons-lang\2.6\commons-lang-2.6.jar;D:\Program Files (x86)\maven\mavenRespository\com\netflix\ribbon\ribbon-httpclient\2.2.4\ribbon-httpclient-2.2.4.jar;D:\Program Files (x86)\maven\mavenRespository\commons-collections\commons-collections\3.2.2\commons-collections-3.2.2.jar;D:\Program Files (x86)\maven\mavenRespository\com\sun\jersey\jersey-client\1.19.1\jersey-client-1.19.1.jar;D:\Program Files (x86)\maven\mavenRespository\com\sun\jersey\jersey-core\1.19.1\jersey-core-1.19.1.jar;D:\Program Files (x86)\maven\mavenRespository\javax\ws\rs\jsr311-api\1.1.1\jsr311-api-1.1.1.jar;D:\Program Files (x86)\maven\mavenRespository\com\sun\jersey\contribs\jersey-apache-client4\1.19.1\jersey-apache-client4-1.19.1.jar;D:\Program Files (x86)\maven\mavenRespository\com\netflix\servo\servo-core\0.10.1\servo-core-0.10.1.jar;D:\Program Files (x86)\maven\mavenRespository\com\netflix\servo\servo-internal\0.10.1\servo-internal-0.10.1.jar;D:\Program Files (x86)\maven\mavenRespository\com\netflix\netflix-commons\netflix-commons-util\0.1.1\netflix-commons-util-0.1.1.jar;D:\Program Files (x86)\maven\mavenRespository\com\netflix\ribbon\ribbon-loadbalancer\2.2.4\ribbon-loadbalancer-2.2.4.jar;D:\Program Files (x86)\maven\mavenRespository\com\netflix\netflix-commons\netflix-statistics\0.1.1\netflix-statistics-0.1.1.jar;D:\Program Files (x86)\maven\mavenRespository\io\reactivex\rxjava\1.3.8\rxjava-1.3.8.jar;D:\Program Files (x86)\maven\mavenRespository\org\springframework\cloud\spring-cloud-starter-netflix-archaius\1.4.0.RELEASE\spring-cloud-starter-netflix-archaius-1.4.0.RELEASE.jar;D:\Program Files (x86)\maven\mavenRespository\commons-configuration\commons-configuration\1.8\commons-configuration-1.8.jar;D:\Program Files (x86)\maven\mavenRespository\com\fasterxml\jackson\core\jackson-annotations\2.9.0\jackson-annotations-2.9.0.jar;D:\Program Files (x86)\maven\mavenRespository\com\fasterxml\jackson\core\jackson-core\2.9.6\jackson-core-2.9.6.jar;D:\Program Files (x86)\maven\mavenRespository\com\fasterxml\jackson\core\jackson-databind\2.9.6\jackson-databind-2.9.6.jar;D:\Program Files (x86)\maven\mavenRespository\com\google\guava\guava\18.0\guava-18.0.jar;"/>
    <property name="sun.cpu.endian" value="little"/>
    <property name="user.home" value="C:\Users\Administrator"/>
    <property name="user.language" value="zh"/>
    <property name="java.specification.vendor" value="Oracle Corporation"/>
    <property name="java.home" value="C:\Program Files\Java\jdk1.8.0_152\jre"/>
    <property name="basedir" value="D:\workspace\idea\git\springboot-sxgdhz\sxgdhz\sxgdhz-common"/>
    <property name="file.separator" value="\"/>
    <property name="line.separator" value="&#10;"/>
    <property name="java.vm.specification.vendor" value="Oracle Corporation"/>
    <property name="java.specification.name" value="Java Platform API Specification"/>
    <property name="java.awt.graphicsenv" value="sun.awt.Win32GraphicsEnvironment"/>
    <property name="surefire.real.class.path" value="C:\Users\ADMINI~1\AppData\Local\Temp\surefire4650853802899872951\surefirebooter6554406552018196259.jar"/>
    <property name="sun.boot.class.path" value="C:\Program Files\Java\jdk1.8.0_152\jre\lib\resources.jar;C:\Program Files\Java\jdk1.8.0_152\jre\lib\rt.jar;C:\Program Files\Java\jdk1.8.0_152\jre\lib\sunrsasign.jar;C:\Program Files\Java\jdk1.8.0_152\jre\lib\jsse.jar;C:\Program Files\Java\jdk1.8.0_152\jre\lib\jce.jar;C:\Program Files\Java\jdk1.8.0_152\jre\lib\charsets.jar;C:\Program Files\Java\jdk1.8.0_152\jre\lib\jfr.jar;C:\Program Files\Java\jdk1.8.0_152\jre\classes"/>
    <property name="user.script" value=""/>
    <property name="sun.management.compiler" value="HotSpot 64-Bit Tiered Compilers"/>
    <property name="java.runtime.version" value="1.8.0_152-b16"/>
    <property name="user.name" value="Administrator"/>
    <property name="path.separator" value=";"/>
    <property name="os.version" value="10.0"/>
    <property name="java.endorsed.dirs" value="C:\Program Files\Java\jdk1.8.0_152\jre\lib\endorsed"/>
    <property name="java.runtime.name" value="Java(TM) SE Runtime Environment"/>
    <property name="file.encoding" value="GBK"/>
    <property name="java.vm.name" value="Java HotSpot(TM) 64-Bit Server VM"/>
    <property name="localRepository" value="D:\Program Files (x86)\maven\mavenRespository"/>
    <property name="java.vendor.url.bug" value="http://bugreport.sun.com/bugreport/"/>
    <property name="java.io.tmpdir" value="C:\Users\ADMINI~1\AppData\Local\Temp\"/>
    <property name="idea.version" value="2017.3.2"/>
    <property name="java.version" value="1.8.0_152"/>
    <property name="user.dir" value="D:\workspace\idea\git\springboot-sxgdhz\sxgdhz\sxgdhz-common"/>
    <property name="os.arch" value="amd64"/>
    <property name="java.vm.specification.name" value="Java Virtual Machine Specification"/>
    <property name="java.awt.printerjob" value="sun.awt.windows.WPrinterJob"/>
    <property name="sun.os.patch.level" value=""/>
    <property name="java.library.path" value="C:\Program Files\Java\jdk1.8.0_152\jre\bin;C:\WINDOWS\Sun\Java\bin;C:\WINDOWS\system32;C:\WINDOWS;C:\Program Files\Java\jdk1.8.0_152\bin;C:\Program Files (x86)\Common Files\Oracle\Java\javapath;C:\ProgramData\Oracle\Java\javapath;D:\oracle\product\10.2.0\db_1\bin;C:\Program Files (x86)\Intel\iCLS Client\;C:\Program Files\Intel\iCLS Client\;C:\Windows\system32;C:\Windows;C:\Windows\System32\Wbem;C:\Windows\System32\WindowsPowerShell\v1.0\;C:\Program Files\Intel\WiFi\bin\;C:\Program Files\Common Files\Intel\WirelessCommon\;C:\Program Files (x86)\NVIDIA Corporation\PhysX\Common;C:\Program Files (x86)\Intel\Intel(R) Management Engine Components\DAL;C:\Program Files\Intel\Intel(R) Management Engine Components\DAL;C:\Program Files (x86)\Intel\Intel(R) Management Engine Components\IPT;C:\Program Files\Intel\Intel(R) Management Engine Components\IPT;C:\Program Files\Acer ProShield\;C:\Program Files\Acer ProShield\x86;C:\Program Files\TortoiseSVN\bin;D:\Program Files (x86)\Git\cmd;D:\Program Files (x86)\apache-maven-3.3.9\bin;D:\Program Files (x86)\mysql-5.7.21-winx64\bin;C:\WINDOWS\system32;C:\WINDOWS;C:\WINDOWS\System32\Wbem;C:\WINDOWS\System32\WindowsPowerShell\v1.0\;D:\Program Files\nodejs\;C:\WINDOWS\System32\OpenSSH\;D:\Program Files (x86)\apache-cxf-3.2.4\bin;D:\Program Files\erl9.0\bin;C:\Users\Administrator\AppData\Local\Microsoft\WindowsApps;C:\Users\Administrator\AppData\Roaming\npm;;."/>
    <property name="java.vm.info" value="mixed mode"/>
    <property name="java.vendor" value="Oracle Corporation"/>
    <property name="java.vm.version" value="25.152-b16"/>
    <property name="java.ext.dirs" value="C:\Program Files\Java\jdk1.8.0_152\jre\lib\ext;C:\WINDOWS\Sun\Java\lib\ext"/>
    <property name="sun.io.unicode.encoding" value="UnicodeLittle"/>
    <property name="java.class.version" value="52.0"/>
  </properties>
  <testcase name="shouldAnswerWithTrue" classname="com.ruoyi.AppTest" time="0.003"/>
</testsuite>